This file contains any messages produced by compilers while
running configure, to aid debugging if configure makes a mistake.

It was created by HTSlib configure 1.20, which was
generated by GNU Autoconf 2.72.  Invocation command line was

  $ ./configure --with-libdeflate

## --------- ##
## Platform. ##
## --------- ##

hostname = p2.localdomain
uname -m = x86_64
uname -r = 4.18.0-372.9.1.el8.x86_64
uname -s = Linux
uname -v = #1 SMP Tue May 10 14:48:47 UTC 2022

/usr/bin/uname -p = x86_64
/bin/uname -X     = unknown

/bin/arch              = x86_64
/usr/bin/arch -k       = unknown
/usr/convex/getsysinfo = unknown
/usr/bin/hostinfo      = unknown
/bin/machine           = unknown
/usr/bin/oslevel       = unknown
/bin/universe          = unknown

PATH: /home/user_home/ylf/someGit/rbam-1.20/libdeflate-1.20-install/bin/
PATH: /home/user_home/ylf/someGit/minimap2/misc/
PATH: /home/user_home/ylf/someGit/some_bin/
PATH: /home/user_home/ylf/someGit/Winnowmap/bin/
PATH: /home/user_home/ylf/someGit/minimap2/
PATH: /home/user_home/ylf/someGit/minimap/
PATH: /home/user_home/ylf/.cargo/bin/
PATH: /home/user_home/ylf/someGit/rbam-1.20/libdeflate-1.20-install/bin/
PATH: /home/user_home/ylf/anaconda3/bin/
PATH: /home/user_home/ylf/anaconda3/condabin/
PATH: /home/user_home/ylf/someGit/minimap2/misc/
PATH: /home/user_home/ylf/someGit/some_bin/
PATH: /home/user_home/ylf/someGit/Winnowmap/bin/
PATH: /home/user_home/ylf/someGit/minimap2/
PATH: /home/user_home/ylf/someGit/minimap/
PATH: /home/user_home/ylf/.local/bin/
PATH: /home/user_home/ylf/bin/
PATH: /usr/local/bin/
PATH: /usr/bin/
PATH: /usr/local/sbin/
PATH: /usr/sbin/


## ----------- ##
## Core tests. ##
## ----------- ##

configure:2436: looking for aux files: config.guess config.sub
configure:2449:  trying ./
configure:2478:   ./config.guess found
configure:2478:   ./config.sub found
configure:2750: checking for gcc
configure:2771: found /usr/bin/gcc
configure:2783: result: gcc
configure:3142: checking for C compiler version
configure:3151: gcc --version >&5
gcc (GCC) 8.5.0 20210514 (Red Hat 8.5.0-22)
Copyright (C) 2018 Free Software Foundation, Inc.
This is free software; see the source for copying conditions.  There is NO
warranty; not even for MERCHANTABILITY or FITNESS FOR A PARTICULAR PURPOSE.

configure:3162: $? = 0
configure:3151: gcc -v >&5
Using built-in specs.
COLLECT_GCC=gcc
COLLECT_LTO_WRAPPER=/usr/libexec/gcc/x86_64-redhat-linux/8/lto-wrapper
OFFLOAD_TARGET_NAMES=nvptx-none
OFFLOAD_TARGET_DEFAULT=1
Target: x86_64-redhat-linux
Configured with: ../configure --enable-bootstrap --enable-languages=c,c++,fortran,lto --prefix=/usr --mandir=/usr/share/man --infodir=/usr/share/info --with-bugurl=https://bugs.rockylinux.org/ --enable-shared --enable-threads=posix --enable-checking=release --enable-multilib --with-system-zlib --enable-__cxa_atexit --disable-libunwind-exceptions --enable-gnu-unique-object --enable-linker-build-id --with-gcc-major-version-only --with-linker-hash-style=gnu --enable-plugin --enable-initfini-array --with-isl --disable-libmpx --enable-offload-targets=nvptx-none --without-cuda-driver --enable-gnu-indirect-function --enable-cet --with-tune=generic --with-arch_32=x86-64 --build=x86_64-redhat-linux
Thread model: posix
gcc version 8.5.0 20210514 (Red Hat 8.5.0-22) (GCC) 
configure:3162: $? = 0
configure:3151: gcc -V >&5
gcc: error: unrecognized command line option '-V'
gcc: fatal error: no input files
compilation terminated.
configure:3162: $? = 1
configure:3151: gcc -qversion >&5
gcc: error: unrecognized command line option '-qversion'; did you mean '--version'?
gcc: fatal error: no input files
compilation terminated.
configure:3162: $? = 1
configure:3151: gcc -version >&5
gcc: error: unrecognized command line option '-version'
gcc: fatal error: no input files
compilation terminated.
configure:3162: $? = 1
configure:3182: checking whether the C compiler works
configure:3204: gcc  -I../libdeflate-1.20 -L../libdeflate-1.20/build conftest.c  >&5
configure:3208: $? = 0
configure:3259: result: yes
configure:3263: checking for C compiler default output file name
configure:3265: result: a.out
configure:3271: checking for suffix of executables
configure:3278: gcc -o conftest  -I../libdeflate-1.20 -L../libdeflate-1.20/build conftest.c  >&5
configure:3282: $? = 0
configure:3306: result: 
configure:3330: checking whether we are cross compiling
configure:3338: gcc -o conftest  -I../libdeflate-1.20 -L../libdeflate-1.20/build conftest.c  >&5
configure:3342: $? = 0
configure:3349: ./conftest
configure:3353: $? = 0
configure:3368: result: no
configure:3374: checking for suffix of object files
configure:3397: gcc -c  -I../libdeflate-1.20 conftest.c >&5
configure:3401: $? = 0
configure:3425: result: o
configure:3429: checking whether the compiler supports GNU C
configure:3449: gcc -c  -I../libdeflate-1.20 conftest.c >&5
configure:3449: $? = 0
configure:3461: result: yes
configure:3472: checking whether gcc accepts -g
configure:3493: gcc -c -g -I../libdeflate-1.20 conftest.c >&5
configure:3493: $? = 0
configure:3540: result: yes
configure:3560: checking for gcc option to enable C11 features
configure:3575: gcc  -c -g -O2 -I../libdeflate-1.20 conftest.c >&5
configure:3575: $? = 0
configure:3594: result: none needed
configure:3761: checking for ranlib
configure:3782: found /usr/bin/ranlib
configure:3794: result: ranlib
configure:3817: checking for grep that handles long lines and -e
configure:3883: result: /usr/bin/grep
configure:3913: checking for C compiler warning flags
configure:4055: result: -Wall
configure:4164: checking for gcc options needed to detect all undeclared functions
configure:4186: gcc -c  -Wall -g -O2  -I../libdeflate-1.20 conftest.c >&5
conftest.c: In function 'main':
conftest.c:13:8: error: 'strchr' undeclared (first use in this function)
 (void) strchr;
        ^~~~~~
conftest.c:13:8: note: 'strchr' is defined in header '<string.h>'; did you forget to '#include <string.h>'?
conftest.c:1:1:
 /* confdefs.h */
conftest.c:13:8:
 (void) strchr;
        ^~~~~~
conftest.c:13:8: note: each undeclared identifier is reported only once for each function it appears in
configure:4186: $? = 1
configure: failed program was:
| /* confdefs.h */
| #define PACKAGE_NAME "HTSlib"
| #define PACKAGE_TARNAME "htslib"
| #define PACKAGE_VERSION "1.20"
| #define PACKAGE_STRING "HTSlib 1.20"
| #define PACKAGE_BUGREPORT "samtools-help@lists.sourceforge.net"
| #define PACKAGE_URL "http://www.htslib.org/"
| /* end confdefs.h.  */
| 
| int
| main (void)
| {
| (void) strchr;
|   ;
|   return 0;
| }
configure:4213: gcc -c  -Wall -g -O2  -I../libdeflate-1.20 conftest.c >&5
configure:4213: $? = 0
configure:4233: result: none needed
configure:4251: checking for stdio.h
configure:4251: gcc -c  -Wall -g -O2 -I../libdeflate-1.20 conftest.c >&5
configure:4251: $? = 0
configure:4251: result: yes
configure:4251: checking for stdlib.h
configure:4251: gcc -c  -Wall -g -O2 -I../libdeflate-1.20 conftest.c >&5
configure:4251: $? = 0
configure:4251: result: yes
configure:4251: checking for string.h
configure:4251: gcc -c  -Wall -g -O2 -I../libdeflate-1.20 conftest.c >&5
configure:4251: $? = 0
configure:4251: result: yes
configure:4251: checking for inttypes.h
configure:4251: gcc -c  -Wall -g -O2 -I../libdeflate-1.20 conftest.c >&5
configure:4251: $? = 0
configure:4251: result: yes
configure:4251: checking for stdint.h
configure:4251: gcc -c  -Wall -g -O2 -I../libdeflate-1.20 conftest.c >&5
configure:4251: $? = 0
configure:4251: result: yes
configure:4251: checking for strings.h
configure:4251: gcc -c  -Wall -g -O2 -I../libdeflate-1.20 conftest.c >&5
configure:4251: $? = 0
configure:4251: result: yes
configure:4251: checking for sys/stat.h
configure:4251: gcc -c  -Wall -g -O2 -I../libdeflate-1.20 conftest.c >&5
configure:4251: $? = 0
configure:4251: result: yes
configure:4251: checking for sys/types.h
configure:4251: gcc -c  -Wall -g -O2 -I../libdeflate-1.20 conftest.c >&5
configure:4251: $? = 0
configure:4251: result: yes
configure:4251: checking for unistd.h
configure:4251: gcc -c  -Wall -g -O2 -I../libdeflate-1.20 conftest.c >&5
configure:4251: $? = 0
configure:4251: result: yes
configure:4251: checking for sys/param.h
configure:4251: gcc -c  -Wall -g -O2 -I../libdeflate-1.20 conftest.c >&5
configure:4251: $? = 0
configure:4251: result: yes
configure:4276: checking whether _XOPEN_SOURCE is declared
configure:4276: gcc -c  -Wall -g -O2  -I../libdeflate-1.20 conftest.c >&5
conftest.c: In function 'main':
conftest.c:55:10: error: '_XOPEN_SOURCE' undeclared (first use in this function); did you mean '_SC_XOPEN_LEGACY'?
   (void) _XOPEN_SOURCE;
          ^~~~~~~~~~~~~
          _SC_XOPEN_LEGACY
conftest.c:55:10: note: each undeclared identifier is reported only once for each function it appears in
configure:4276: $? = 1
configure: failed program was:
| /* confdefs.h */
| #define PACKAGE_NAME "HTSlib"
| #define PACKAGE_TARNAME "htslib"
| #define PACKAGE_VERSION "1.20"
| #define PACKAGE_STRING "HTSlib 1.20"
| #define PACKAGE_BUGREPORT "samtools-help@lists.sourceforge.net"
| #define PACKAGE_URL "http://www.htslib.org/"
| #define HAVE_STDIO_H 1
| #define HAVE_STDLIB_H 1
| #define HAVE_STRING_H 1
| #define HAVE_INTTYPES_H 1
| #define HAVE_STDINT_H 1
| #define HAVE_STRINGS_H 1
| #define HAVE_SYS_STAT_H 1
| #define HAVE_SYS_TYPES_H 1
| #define HAVE_UNISTD_H 1
| #define HAVE_SYS_PARAM_H 1
| #define STDC_HEADERS 1
| /* end confdefs.h.  */
| #include <stddef.h>
| #ifdef HAVE_STDIO_H
| # include <stdio.h>
| #endif
| #ifdef HAVE_STDLIB_H
| # include <stdlib.h>
| #endif
| #ifdef HAVE_STRING_H
| # include <string.h>
| #endif
| #ifdef HAVE_INTTYPES_H
| # include <inttypes.h>
| #endif
| #ifdef HAVE_STDINT_H
| # include <stdint.h>
| #endif
| #ifdef HAVE_STRINGS_H
| # include <strings.h>
| #endif
| #ifdef HAVE_SYS_TYPES_H
| # include <sys/types.h>
| #endif
| #ifdef HAVE_SYS_STAT_H
| # include <sys/stat.h>
| #endif
| #ifdef HAVE_UNISTD_H
| # include <unistd.h>
| #endif
| int
| main (void)
| {
| #ifndef _XOPEN_SOURCE
| #ifdef __cplusplus
|   (void) _XOPEN_SOURCE;
| #else
|   (void) _XOPEN_SOURCE;
| #endif
| #endif
| 
|   ;
|   return 0;
| }
configure:4276: result: no
configure:4287: checking C compiler flags needed for sse4.1
configure:4315: gcc -o conftest  -Wall -g -O2 -I../libdeflate-1.20 -L../libdeflate-1.20/build conftest.c  >&5
In file included from /usr/lib/gcc/x86_64-redhat-linux/8/include/smmintrin.h:811,
                 from /usr/lib/gcc/x86_64-redhat-linux/8/include/x86intrin.h:43,
                 from conftest.c:23:
conftest.c: In function 'main':
/usr/lib/gcc/x86_64-redhat-linux/8/include/popcntintrin.h:35:1: error: inlining failed in call to always_inline '_mm_popcnt_u32': target specific option mismatch
 _mm_popcnt_u32 (unsigned int __X)
 ^~~~~~~~~~~~~~
conftest.c:33:12: note: called from here
     return _mm_popcnt_u32(*((char *) &c));
            ^~~~~~~~~~~~~~~~~~~~~~~~~~~~~~
In file included from /usr/lib/gcc/x86_64-redhat-linux/8/include/x86intrin.h:39,
                 from conftest.c:23:
/usr/lib/gcc/x86_64-redhat-linux/8/include/tmmintrin.h:136:1: error: inlining failed in call to always_inline '_mm_shuffle_epi8': target specific option mismatch
 _mm_shuffle_epi8 (__m128i __X, __m128i __Y)
 ^~~~~~~~~~~~~~~~
conftest.c:32:17: note: called from here
     __m128i c = _mm_shuffle_epi8(_mm_max_epu32(a, b), b);
                 ^~~~~~~~~~~~~~~~~~~~~~~~~~~~~~~~~~~~~~~~
In file included from /usr/lib/gcc/x86_64-redhat-linux/8/include/x86intrin.h:43,
                 from conftest.c:23:
/usr/lib/gcc/x86_64-redhat-linux/8/include/smmintrin.h:318:1: error: inlining failed in call to always_inline '_mm_max_epu32': target specific option mismatch
 _mm_max_epu32 (__m128i __X, __m128i __Y)
 ^~~~~~~~~~~~~
conftest.c:32:17: note: called from here
     __m128i c = _mm_shuffle_epi8(_mm_max_epu32(a, b), b);
                 ^~~~~~~~~~~~~~~~~~~~~~~~~~~~~~~~~~~~~~~~
In file included from /usr/lib/gcc/x86_64-redhat-linux/8/include/smmintrin.h:811,
                 from /usr/lib/gcc/x86_64-redhat-linux/8/include/x86intrin.h:43,
                 from conftest.c:23:
/usr/lib/gcc/x86_64-redhat-linux/8/include/popcntintrin.h:35:1: error: inlining failed in call to always_inline '_mm_popcnt_u32': target specific option mismatch
 _mm_popcnt_u32 (unsigned int __X)
 ^~~~~~~~~~~~~~
conftest.c:33:12: note: called from here
     return _mm_popcnt_u32(*((char *) &c));
            ^~~~~~~~~~~~~~~~~~~~~~~~~~~~~~
In file included from /usr/lib/gcc/x86_64-redhat-linux/8/include/x86intrin.h:39,
                 from conftest.c:23:
/usr/lib/gcc/x86_64-redhat-linux/8/include/tmmintrin.h:136:1: error: inlining failed in call to always_inline '_mm_shuffle_epi8': target specific option mismatch
 _mm_shuffle_epi8 (__m128i __X, __m128i __Y)
 ^~~~~~~~~~~~~~~~
conftest.c:32:17: note: called from here
     __m128i c = _mm_shuffle_epi8(_mm_max_epu32(a, b), b);
                 ^~~~~~~~~~~~~~~~~~~~~~~~~~~~~~~~~~~~~~~~
In file included from /usr/lib/gcc/x86_64-redhat-linux/8/include/x86intrin.h:43,
                 from conftest.c:23:
/usr/lib/gcc/x86_64-redhat-linux/8/include/smmintrin.h:318:1: error: inlining failed in call to always_inline '_mm_max_epu32': target specific option mismatch
 _mm_max_epu32 (__m128i __X, __m128i __Y)
 ^~~~~~~~~~~~~
conftest.c:32:17: note: called from here
     __m128i c = _mm_shuffle_epi8(_mm_max_epu32(a, b), b);
                 ^~~~~~~~~~~~~~~~~~~~~~~~~~~~~~~~~~~~~~~~
configure:4315: $? = 1
configure: failed program was:
| /* confdefs.h */
| #define PACKAGE_NAME "HTSlib"
| #define PACKAGE_TARNAME "htslib"
| #define PACKAGE_VERSION "1.20"
| #define PACKAGE_STRING "HTSlib 1.20"
| #define PACKAGE_BUGREPORT "samtools-help@lists.sourceforge.net"
| #define PACKAGE_URL "http://www.htslib.org/"
| #define HAVE_STDIO_H 1
| #define HAVE_STDLIB_H 1
| #define HAVE_STRING_H 1
| #define HAVE_INTTYPES_H 1
| #define HAVE_STDINT_H 1
| #define HAVE_STRINGS_H 1
| #define HAVE_SYS_STAT_H 1
| #define HAVE_SYS_TYPES_H 1
| #define HAVE_UNISTD_H 1
| #define HAVE_SYS_PARAM_H 1
| #define STDC_HEADERS 1
| #define _XOPEN_SOURCE 600
| /* end confdefs.h.  */
| 
|     #ifdef __x86_64__
|     #include "x86intrin.h"
|     #endif
| 
| int
| main (void)
| {
| 
|     #ifdef __x86_64__
|     __m128i a = _mm_set_epi32(1, 2, 3, 4), b = _mm_set_epi32(4, 3, 2, 1);
|     __m128i c = _mm_shuffle_epi8(_mm_max_epu32(a, b), b);
|     return _mm_popcnt_u32(*((char *) &c));
|     #endif
| 
|   ;
|   return 0;
| }
configure:4342: gcc -o conftest  -Wall -g -O2  -msse4.1 -mssse3 -mpopcnt -I../libdeflate-1.20 -L../libdeflate-1.20/build conftest.c  >&5
configure:4342: $? = 0
configure:4358: result: -msse4.1 -mssse3 -mpopcnt
configure:4395: checking C compiler flags needed for avx2
configure:4424: gcc -o conftest  -Wall -g -O2 -I../libdeflate-1.20 -L../libdeflate-1.20/build conftest.c  >&5
conftest.c: In function 'main':
conftest.c:35:13: warning: AVX vector return without AVX enabled changes the ABI [-Wpsabi]
     __m256i a = _mm256_set_epi32(1, 2, 3, 4, 5, 6, 7, 8);
             ^
In file included from /usr/lib/gcc/x86_64-redhat-linux/8/include/smmintrin.h:811,
                 from /usr/lib/gcc/x86_64-redhat-linux/8/include/x86intrin.h:43,
                 from conftest.c:27:
/usr/lib/gcc/x86_64-redhat-linux/8/include/popcntintrin.h:35:1: error: inlining failed in call to always_inline '_mm_popcnt_u32': target specific option mismatch
 _mm_popcnt_u32 (unsigned int __X)
 ^~~~~~~~~~~~~~
conftest.c:38:12: note: called from here
     return _mm_popcnt_u32((int) c);
            ^~~~~~~~~~~~~~~~~~~~~~~
In file included from /usr/lib/gcc/x86_64-redhat-linux/8/include/immintrin.h:41,
                 from /usr/lib/gcc/x86_64-redhat-linux/8/include/x86intrin.h:48,
                 from conftest.c:27:
/usr/lib/gcc/x86_64-redhat-linux/8/include/avxintrin.h:551:1: error: inlining failed in call to always_inline '_mm256_extract_epi64': target specific option mismatch
 _mm256_extract_epi64 (__m256i __X, const int __N)
 ^~~~~~~~~~~~~~~~~~~~
conftest.c:37:19: note: called from here
     long long c = _mm256_extract_epi64(b, 0);
                   ^~~~~~~~~~~~~~~~~~~~~~~~~~
In file included from /usr/lib/gcc/x86_64-redhat-linux/8/include/immintrin.h:43,
                 from /usr/lib/gcc/x86_64-redhat-linux/8/include/x86intrin.h:48,
                 from conftest.c:27:
/usr/lib/gcc/x86_64-redhat-linux/8/include/avx2intrin.h:119:1: error: inlining failed in call to always_inline '_mm256_add_epi32': target specific option mismatch
 _mm256_add_epi32 (__m256i __A, __m256i __B)
 ^~~~~~~~~~~~~~~~
conftest.c:36:17: note: called from here
     __m256i b = _mm256_add_epi32(a, a);
                 ^~~~~~~~~~~~~~~~~~~~~~
In file included from /usr/lib/gcc/x86_64-redhat-linux/8/include/immintrin.h:41,
                 from /usr/lib/gcc/x86_64-redhat-linux/8/include/x86intrin.h:48,
                 from conftest.c:27:
/usr/lib/gcc/x86_64-redhat-linux/8/include/avxintrin.h:1258:1: error: inlining failed in call to always_inline '_mm256_set_epi32': target specific option mismatch
 _mm256_set_epi32 (int __A, int __B, int __C, int __D,
 ^~~~~~~~~~~~~~~~
conftest.c:35:17: note: called from here
     __m256i a = _mm256_set_epi32(1, 2, 3, 4, 5, 6, 7, 8);
                 ^~~~~~~~~~~~~~~~~~~~~~~~~~~~~~~~~~~~~~~~
configure:4424: $? = 1
configure: failed program was:
| /* confdefs.h */
| #define PACKAGE_NAME "HTSlib"
| #define PACKAGE_TARNAME "htslib"
| #define PACKAGE_VERSION "1.20"
| #define PACKAGE_STRING "HTSlib 1.20"
| #define PACKAGE_BUGREPORT "samtools-help@lists.sourceforge.net"
| #define PACKAGE_URL "http://www.htslib.org/"
| #define HAVE_STDIO_H 1
| #define HAVE_STDLIB_H 1
| #define HAVE_STRING_H 1
| #define HAVE_INTTYPES_H 1
| #define HAVE_STDINT_H 1
| #define HAVE_STRINGS_H 1
| #define HAVE_SYS_STAT_H 1
| #define HAVE_SYS_TYPES_H 1
| #define HAVE_UNISTD_H 1
| #define HAVE_SYS_PARAM_H 1
| #define STDC_HEADERS 1
| #define _XOPEN_SOURCE 600
| #define HAVE_SSSE3 1
| #define HAVE_POPCNT 1
| #define HAVE_SSE4_1 1
| #define UBSAN 1
| /* end confdefs.h.  */
| 
|     #ifdef __x86_64__
|     #include "x86intrin.h"
|     #endif
| 
| int
| main (void)
| {
| 
|     #ifdef __x86_64__
|     __m256i a = _mm256_set_epi32(1, 2, 3, 4, 5, 6, 7, 8);
|     __m256i b = _mm256_add_epi32(a, a);
|     long long c = _mm256_extract_epi64(b, 0);
|     return _mm_popcnt_u32((int) c);
|     #endif
| 
|   ;
|   return 0;
| }
configure:4452: gcc -o conftest  -Wall -g -O2  -mavx2 -mpopcnt -I../libdeflate-1.20 -L../libdeflate-1.20/build conftest.c  >&5
configure:4452: $? = 0
configure:4468: result: -mavx2 -mpopcnt
configure:4499: checking C compiler flags needed for avx512f
configure:4527: gcc -o conftest  -Wall -g -O2 -I../libdeflate-1.20 -L../libdeflate-1.20/build conftest.c  >&5
conftest.c: In function 'main':
conftest.c:37:13: warning: AVX512F vector return without AVX512F enabled changes the ABI [-Wpsabi]
     __m512i a = _mm512_set1_epi32(1);
             ^
In file included from /usr/lib/gcc/x86_64-redhat-linux/8/include/smmintrin.h:811,
                 from /usr/lib/gcc/x86_64-redhat-linux/8/include/x86intrin.h:43,
                 from conftest.c:29:
/usr/lib/gcc/x86_64-redhat-linux/8/include/popcntintrin.h:35:1: error: inlining failed in call to always_inline '_mm_popcnt_u32': target specific option mismatch
 _mm_popcnt_u32 (unsigned int __X)
 ^~~~~~~~~~~~~~
conftest.c:39:12: note: called from here
     return _mm_popcnt_u32(*((char *) &b));
            ^~~~~~~~~~~~~~~~~~~~~~~~~~~~~~
In file included from /usr/lib/gcc/x86_64-redhat-linux/8/include/immintrin.h:45,
                 from /usr/lib/gcc/x86_64-redhat-linux/8/include/x86intrin.h:48,
                 from conftest.c:29:
/usr/lib/gcc/x86_64-redhat-linux/8/include/avx512fintrin.h:818:1: error: inlining failed in call to always_inline '_mm512_add_epi32': target specific option mismatch
 _mm512_add_epi32 (__m512i __A, __m512i __B)
 ^~~~~~~~~~~~~~~~
conftest.c:38:17: note: called from here
     __m512i b = _mm512_add_epi32(a, a);
                 ^~~~~~~~~~~~~~~~~~~~~~
In file included from /usr/lib/gcc/x86_64-redhat-linux/8/include/immintrin.h:45,
                 from /usr/lib/gcc/x86_64-redhat-linux/8/include/x86intrin.h:48,
                 from conftest.c:29:
/usr/lib/gcc/x86_64-redhat-linux/8/include/avx512fintrin.h:4002:1: error: inlining failed in call to always_inline '_mm512_set1_epi32': target specific option mismatch
 _mm512_set1_epi32 (int __A)
 ^~~~~~~~~~~~~~~~~
conftest.c:37:17: note: called from here
     __m512i a = _mm512_set1_epi32(1);
                 ^~~~~~~~~~~~~~~~~~~~
configure:4527: $? = 1
configure: failed program was:
| /* confdefs.h */
| #define PACKAGE_NAME "HTSlib"
| #define PACKAGE_TARNAME "htslib"
| #define PACKAGE_VERSION "1.20"
| #define PACKAGE_STRING "HTSlib 1.20"
| #define PACKAGE_BUGREPORT "samtools-help@lists.sourceforge.net"
| #define PACKAGE_URL "http://www.htslib.org/"
| #define HAVE_STDIO_H 1
| #define HAVE_STDLIB_H 1
| #define HAVE_STRING_H 1
| #define HAVE_INTTYPES_H 1
| #define HAVE_STDINT_H 1
| #define HAVE_STRINGS_H 1
| #define HAVE_SYS_STAT_H 1
| #define HAVE_SYS_TYPES_H 1
| #define HAVE_UNISTD_H 1
| #define HAVE_SYS_PARAM_H 1
| #define STDC_HEADERS 1
| #define _XOPEN_SOURCE 600
| #define HAVE_SSSE3 1
| #define HAVE_POPCNT 1
| #define HAVE_SSE4_1 1
| #define UBSAN 1
| #define HAVE_POPCNT 1
| #define HAVE_AVX2 1
| /* end confdefs.h.  */
| 
|     #ifdef __x86_64__
|     #include "x86intrin.h"
|     #endif
| 
| int
| main (void)
| {
| 
|     #ifdef __x86_64__
|     __m512i a = _mm512_set1_epi32(1);
|     __m512i b = _mm512_add_epi32(a, a);
|     return _mm_popcnt_u32(*((char *) &b));
|     #endif
| 
|   ;
|   return 0;
| }
configure:4554: gcc -o conftest  -Wall -g -O2  -mavx512f -mpopcnt -I../libdeflate-1.20 -L../libdeflate-1.20/build conftest.c  >&5
configure:4554: $? = 0
configure:4570: result: -mavx512f -mpopcnt
configure:4661: checking for pkg-config
configure:4684: found /usr/bin/pkg-config
configure:4697: result: /usr/bin/pkg-config
configure:4722: checking pkg-config is at least version 0.9.0
configure:4725: result: yes
configure:4777: checking for gcc option to enable large file support
configure:4812: gcc -c  -Wall -g -O2 -I../libdeflate-1.20 conftest.c >&5
configure:4812: $? = 0
configure:4818: gcc -DFTYPE=ino_t -c  -Wall -g -O2 -I../libdeflate-1.20 conftest.c >&5
configure:4818: $? = 0
configure:4843: result: none needed
configure:5052: checking shared library type for unknown-Linux
configure:5082: result: plain .so
configure:5088: checking whether the linker supports versioned symbols
configure:5108: gcc -o conftest  -Wall -g -O2 -I../libdeflate-1.20 -Wl,-version-script,./htslib.map -L../libdeflate-1.20/build conftest.c  >&5
configure:5108: $? = 0
configure:5121: result: yes
configure:5140: checking whether the compiler accepts -fvisibility=hidden
configure:5161: gcc -o conftest  -Wall -g -O2 -fvisibility=hidden -I../libdeflate-1.20 -L../libdeflate-1.20/build -fvisibility=hidden conftest.c  >&5
configure:5161: $? = 0
configure:5178: result: yes
configure:5241: checking build system type
configure:5257: result: x86_64-pc-linux-gnu
configure:5277: checking host system type
configure:5292: result: x86_64-pc-linux-gnu
configure:5317: checking for getpagesize
configure:5317: gcc -o conftest  -Wall -g -O2 -fvisibility=hidden -I../libdeflate-1.20 -L../libdeflate-1.20/build -fvisibility=hidden conftest.c  >&5
configure:5317: $? = 0
configure:5317: result: yes
configure:5328: checking for working mmap
configure:5478: gcc -o conftest  -Wall -g -O2 -fvisibility=hidden -I../libdeflate-1.20 -L../libdeflate-1.20/build -fvisibility=hidden conftest.c  >&5
configure:5478: $? = 0
configure:5478: ./conftest
configure:5478: $? = 0
configure:5492: result: yes
configure:5501: checking for gmtime_r
configure:5501: gcc -o conftest  -Wall -g -O2 -fvisibility=hidden -I../libdeflate-1.20 -L../libdeflate-1.20/build -fvisibility=hidden conftest.c  >&5
configure:5501: $? = 0
configure:5501: result: yes
configure:5507: checking for fsync
configure:5507: gcc -o conftest  -Wall -g -O2 -fvisibility=hidden -I../libdeflate-1.20 -L../libdeflate-1.20/build -fvisibility=hidden conftest.c  >&5
configure:5507: $? = 0
configure:5507: result: yes
configure:5513: checking for drand48
configure:5513: gcc -o conftest  -Wall -g -O2 -fvisibility=hidden -I../libdeflate-1.20 -L../libdeflate-1.20/build -fvisibility=hidden conftest.c  >&5
configure:5513: $? = 0
configure:5513: result: yes
configure:5519: checking for srand48_deterministic
configure:5519: gcc -o conftest  -Wall -g -O2 -fvisibility=hidden -I../libdeflate-1.20 -L../libdeflate-1.20/build -fvisibility=hidden conftest.c  >&5
/tmp/cczCoDHM.o: In function `main':
/home/user_home/ylf/someGit/SWBAM/ext/htslib-1.20/conftest.c:61: undefined reference to `srand48_deterministic'
collect2: error: ld returned 1 exit status
configure:5519: $? = 1
configure: failed program was:
| /* confdefs.h */
| #define PACKAGE_NAME "HTSlib"
| #define PACKAGE_TARNAME "htslib"
| #define PACKAGE_VERSION "1.20"
| #define PACKAGE_STRING "HTSlib 1.20"
| #define PACKAGE_BUGREPORT "samtools-help@lists.sourceforge.net"
| #define PACKAGE_URL "http://www.htslib.org/"
| #define HAVE_STDIO_H 1
| #define HAVE_STDLIB_H 1
| #define HAVE_STRING_H 1
| #define HAVE_INTTYPES_H 1
| #define HAVE_STDINT_H 1
| #define HAVE_STRINGS_H 1
| #define HAVE_SYS_STAT_H 1
| #define HAVE_SYS_TYPES_H 1
| #define HAVE_UNISTD_H 1
| #define HAVE_SYS_PARAM_H 1
| #define STDC_HEADERS 1
| #define _XOPEN_SOURCE 600
| #define HAVE_SSSE3 1
| #define HAVE_POPCNT 1
| #define HAVE_SSE4_1 1
| #define UBSAN 1
| #define HAVE_POPCNT 1
| #define HAVE_AVX2 1
| #define HAVE_POPCNT 1
| #define HAVE_AVX512 1
| #define HAVE_GETPAGESIZE 1
| #define HAVE_MMAP 1
| #define HAVE_GMTIME_R 1
| #define HAVE_FSYNC 1
| #define HAVE_DRAND48 1
| /* end confdefs.h.  */
| /* Define srand48_deterministic to an innocuous variant, in case <limits.h> declares srand48_deterministic.
|    For example, HP-UX 11i <limits.h> declares gettimeofday.  */
| #define srand48_deterministic innocuous_srand48_deterministic
| 
| /* System header to define __stub macros and hopefully few prototypes,
|    which can conflict with char srand48_deterministic (void); below.  */
| 
| #include <limits.h>
| #undef srand48_deterministic
| 
| /* Override any GCC internal prototype to avoid an error.
|    Use char because int might match the return type of a GCC
|    builtin and then its argument prototype would still apply.  */
| #ifdef __cplusplus
| extern "C"
| #endif
| char srand48_deterministic (void);
| /* The GNU C library defines this for functions which it implements
|     to always fail with ENOSYS.  Some functions are actually named
|     something starting with __ and the normal name is an alias.  */
| #if defined __stub_srand48_deterministic || defined __stub___srand48_deterministic
| choke me
| #endif
| 
| int
| main (void)
| {
| return srand48_deterministic ();
|   ;
|   return 0;
| }
configure:5519: result: no
configure:5529: checking whether fdatasync is declared
configure:5529: gcc -c  -Wall -g -O2 -fvisibility=hidden  -I../libdeflate-1.20 conftest.c >&5
configure:5529: $? = 0
configure:5529: result: yes
configure:5532: checking for fdatasync
configure:5532: gcc -o conftest  -Wall -g -O2 -fvisibility=hidden -I../libdeflate-1.20 -L../libdeflate-1.20/build -fvisibility=hidden conftest.c  >&5
configure:5532: $? = 0
configure:5532: result: yes
configure:5680: checking for library containing log
configure:5716: gcc -o conftest  -Wall -g -O2 -fvisibility=hidden -I../libdeflate-1.20 -L../libdeflate-1.20/build -fvisibility=hidden conftest.c  >&5
conftest.c:45:6: warning: conflicting types for built-in function 'log' [-Wbuiltin-declaration-mismatch]
 char log (void);
      ^~~
/tmp/ccPJNhm4.o: In function `main':
/home/user_home/ylf/someGit/SWBAM/ext/htslib-1.20/conftest.c:49: undefined reference to `log'
collect2: error: ld returned 1 exit status
configure:5716: $? = 1
configure: failed program was:
| /* confdefs.h */
| #define PACKAGE_NAME "HTSlib"
| #define PACKAGE_TARNAME "htslib"
| #define PACKAGE_VERSION "1.20"
| #define PACKAGE_STRING "HTSlib 1.20"
| #define PACKAGE_BUGREPORT "samtools-help@lists.sourceforge.net"
| #define PACKAGE_URL "http://www.htslib.org/"
| #define HAVE_STDIO_H 1
| #define HAVE_STDLIB_H 1
| #define HAVE_STRING_H 1
| #define HAVE_INTTYPES_H 1
| #define HAVE_STDINT_H 1
| #define HAVE_STRINGS_H 1
| #define HAVE_SYS_STAT_H 1
| #define HAVE_SYS_TYPES_H 1
| #define HAVE_UNISTD_H 1
| #define HAVE_SYS_PARAM_H 1
| #define STDC_HEADERS 1
| #define _XOPEN_SOURCE 600
| #define HAVE_SSSE3 1
| #define HAVE_POPCNT 1
| #define HAVE_SSE4_1 1
| #define UBSAN 1
| #define HAVE_POPCNT 1
| #define HAVE_AVX2 1
| #define HAVE_POPCNT 1
| #define HAVE_AVX512 1
| #define HAVE_GETPAGESIZE 1
| #define HAVE_MMAP 1
| #define HAVE_GMTIME_R 1
| #define HAVE_FSYNC 1
| #define HAVE_DRAND48 1
| #define HAVE_FDATASYNC 1
| /* end confdefs.h.  */
| 
| /* Override any GCC internal prototype to avoid an error.
|    Use char because int might match the return type of a GCC
|    builtin and then its argument prototype would still apply.
|    The 'extern "C"' is for builds by C++ compilers;
|    although this is not generally supported in C code supporting it here
|    has little cost and some practical benefit (sr 110532).  */
| #ifdef __cplusplus
| extern "C"
| #endif
| char log (void);
| int
| main (void)
| {
| return log ();
|   ;
|   return 0;
| }
configure:5716: gcc -o conftest  -Wall -g -O2 -fvisibility=hidden -I../libdeflate-1.20 -L../libdeflate-1.20/build -fvisibility=hidden conftest.c -lm   >&5
conftest.c:45:6: warning: conflicting types for built-in function 'log' [-Wbuiltin-declaration-mismatch]
 char log (void);
      ^~~
configure:5716: $? = 0
configure:5738: result: -lm
configure:5760: checking for zlib.h
configure:5760: gcc -c  -Wall -g -O2 -fvisibility=hidden -I../libdeflate-1.20 conftest.c >&5
configure:5760: $? = 0
configure:5760: result: yes
configure:5770: checking for inflate in -lz
configure:5799: gcc -o conftest  -Wall -g -O2 -fvisibility=hidden -I../libdeflate-1.20 -L../libdeflate-1.20/build -fvisibility=hidden conftest.c -lz  -lm  >&5
configure:5799: $? = 0
configure:5811: result: yes
configure:5842: checking for library containing recv
configure:5878: gcc -o conftest  -Wall -g -O2 -fvisibility=hidden -I../libdeflate-1.20 -L../libdeflate-1.20/build -fvisibility=hidden conftest.c -lz -lm  >&5
configure:5878: $? = 0
configure:5900: result: none required
configure:5950: checking for bzlib.h
configure:5950: gcc -c  -Wall -g -O2 -fvisibility=hidden -I../libdeflate-1.20 conftest.c >&5
configure:5950: $? = 0
configure:5950: result: yes
configure:5960: checking for BZ2_bzBuffToBuffCompress in -lbz2
configure:5989: gcc -o conftest  -Wall -g -O2 -fvisibility=hidden -I../libdeflate-1.20 -L../libdeflate-1.20/build -fvisibility=hidden conftest.c -lbz2  -lz -lm  >&5
configure:5989: $? = 0
configure:6001: result: yes
configure:6045: checking for lzma.h
configure:6045: gcc -c  -Wall -g -O2 -fvisibility=hidden -I../libdeflate-1.20 conftest.c >&5
configure:6045: $? = 0
configure:6045: result: yes
configure:6057: checking for lzma_easy_buffer_encode in -llzma
configure:6086: gcc -o conftest  -Wall -g -O2 -fvisibility=hidden -I../libdeflate-1.20 -L../libdeflate-1.20/build -fvisibility=hidden conftest.c -llzma  -lbz2 -lz -lm  >&5
configure:6086: $? = 0
configure:6098: result: yes
configure:6224: checking whether htscodecs files are present
configure:6228: result: yes
configure:6271: checking for libdeflate.h
configure:6271: gcc -c  -Wall -g -O2 -fvisibility=hidden -I../libdeflate-1.20 conftest.c >&5
configure:6271: $? = 0
configure:6271: result: yes
configure:6281: checking for libdeflate_deflate_compress in -ldeflate
configure:6310: gcc -o conftest  -Wall -g -O2 -fvisibility=hidden -I../libdeflate-1.20 -L../libdeflate-1.20/build -fvisibility=hidden conftest.c -ldeflate  -llzma -lbz2 -lz -lm  >&5
configure:6310: $? = 0
configure:6322: result: yes
configure:6366: checking for curl/curl.h
configure:6366: gcc -c  -Wall -g -O2 -fvisibility=hidden -I../libdeflate-1.20 conftest.c >&5
configure:6366: $? = 0
configure:6366: result: yes
configure:6376: checking for curl_easy_pause in -lcurl
configure:6405: gcc -o conftest  -Wall -g -O2 -fvisibility=hidden -I../libdeflate-1.20 -L../libdeflate-1.20/build -fvisibility=hidden conftest.c -lcurl  -ldeflate -llzma -lbz2 -lz -lm  >&5
configure:6405: $? = 0
configure:6417: result: yes
configure:6563: checking for CCHmac
configure:6563: gcc -o conftest  -Wall -g -O2 -fvisibility=hidden -I../libdeflate-1.20 -L../libdeflate-1.20/build -fvisibility=hidden conftest.c -ldeflate -llzma -lbz2 -lz -lm  >&5
/tmp/cc2VBsnQ.o: In function `main':
/home/user_home/ylf/someGit/SWBAM/ext/htslib-1.20/conftest.c:69: undefined reference to `CCHmac'
collect2: error: ld returned 1 exit status
configure:6563: $? = 1
configure: failed program was:
| /* confdefs.h */
| #define PACKAGE_NAME "HTSlib"
| #define PACKAGE_TARNAME "htslib"
| #define PACKAGE_VERSION "1.20"
| #define PACKAGE_STRING "HTSlib 1.20"
| #define PACKAGE_BUGREPORT "samtools-help@lists.sourceforge.net"
| #define PACKAGE_URL "http://www.htslib.org/"
| #define HAVE_STDIO_H 1
| #define HAVE_STDLIB_H 1
| #define HAVE_STRING_H 1
| #define HAVE_INTTYPES_H 1
| #define HAVE_STDINT_H 1
| #define HAVE_STRINGS_H 1
| #define HAVE_SYS_STAT_H 1
| #define HAVE_SYS_TYPES_H 1
| #define HAVE_UNISTD_H 1
| #define HAVE_SYS_PARAM_H 1
| #define STDC_HEADERS 1
| #define _XOPEN_SOURCE 600
| #define HAVE_SSSE3 1
| #define HAVE_POPCNT 1
| #define HAVE_SSE4_1 1
| #define UBSAN 1
| #define HAVE_POPCNT 1
| #define HAVE_AVX2 1
| #define HAVE_POPCNT 1
| #define HAVE_AVX512 1
| #define HAVE_GETPAGESIZE 1
| #define HAVE_MMAP 1
| #define HAVE_GMTIME_R 1
| #define HAVE_FSYNC 1
| #define HAVE_DRAND48 1
| #define HAVE_FDATASYNC 1
| #define HAVE_LIBZ 1
| #define HAVE_LIBBZ2 1
| #define HAVE_LZMA_H 1
| #define HAVE_LIBLZMA 1
| #define HAVE_LIBDEFLATE 1
| #define HAVE_LIBCURL 1
| #define ENABLE_GCS 1
| /* end confdefs.h.  */
| /* Define CCHmac to an innocuous variant, in case <limits.h> declares CCHmac.
|    For example, HP-UX 11i <limits.h> declares gettimeofday.  */
| #define CCHmac innocuous_CCHmac
| 
| /* System header to define __stub macros and hopefully few prototypes,
|    which can conflict with char CCHmac (void); below.  */
| 
| #include <limits.h>
| #undef CCHmac
| 
| /* Override any GCC internal prototype to avoid an error.
|    Use char because int might match the return type of a GCC
|    builtin and then its argument prototype would still apply.  */
| #ifdef __cplusplus
| extern "C"
| #endif
| char CCHmac (void);
| /* The GNU C library defines this for functions which it implements
|     to always fail with ENOSYS.  Some functions are actually named
|     something starting with __ and the normal name is an alias.  */
| #if defined __stub_CCHmac || defined __stub___CCHmac
| choke me
| #endif
| 
| int
| main (void)
| {
| return CCHmac ();
|   ;
|   return 0;
| }
configure:6563: result: no
configure:6571: checking for library containing HMAC
configure:6607: gcc -o conftest  -Wall -g -O2 -fvisibility=hidden -I../libdeflate-1.20 -L../libdeflate-1.20/build -fvisibility=hidden conftest.c -ldeflate -llzma -lbz2 -lz -lm  >&5
/tmp/ccboT8f0.o: In function `main':
/home/user_home/ylf/someGit/SWBAM/ext/htslib-1.20/conftest.c:56: undefined reference to `HMAC'
collect2: error: ld returned 1 exit status
configure:6607: $? = 1
configure: failed program was:
| /* confdefs.h */
| #define PACKAGE_NAME "HTSlib"
| #define PACKAGE_TARNAME "htslib"
| #define PACKAGE_VERSION "1.20"
| #define PACKAGE_STRING "HTSlib 1.20"
| #define PACKAGE_BUGREPORT "samtools-help@lists.sourceforge.net"
| #define PACKAGE_URL "http://www.htslib.org/"
| #define HAVE_STDIO_H 1
| #define HAVE_STDLIB_H 1
| #define HAVE_STRING_H 1
| #define HAVE_INTTYPES_H 1
| #define HAVE_STDINT_H 1
| #define HAVE_STRINGS_H 1
| #define HAVE_SYS_STAT_H 1
| #define HAVE_SYS_TYPES_H 1
| #define HAVE_UNISTD_H 1
| #define HAVE_SYS_PARAM_H 1
| #define STDC_HEADERS 1
| #define _XOPEN_SOURCE 600
| #define HAVE_SSSE3 1
| #define HAVE_POPCNT 1
| #define HAVE_SSE4_1 1
| #define UBSAN 1
| #define HAVE_POPCNT 1
| #define HAVE_AVX2 1
| #define HAVE_POPCNT 1
| #define HAVE_AVX512 1
| #define HAVE_GETPAGESIZE 1
| #define HAVE_MMAP 1
| #define HAVE_GMTIME_R 1
| #define HAVE_FSYNC 1
| #define HAVE_DRAND48 1
| #define HAVE_FDATASYNC 1
| #define HAVE_LIBZ 1
| #define HAVE_LIBBZ2 1
| #define HAVE_LZMA_H 1
| #define HAVE_LIBLZMA 1
| #define HAVE_LIBDEFLATE 1
| #define HAVE_LIBCURL 1
| #define ENABLE_GCS 1
| /* end confdefs.h.  */
| 
| /* Override any GCC internal prototype to avoid an error.
|    Use char because int might match the return type of a GCC
|    builtin and then its argument prototype would still apply.
|    The 'extern "C"' is for builds by C++ compilers;
|    although this is not generally supported in C code supporting it here
|    has little cost and some practical benefit (sr 110532).  */
| #ifdef __cplusplus
| extern "C"
| #endif
| char HMAC (void);
| int
| main (void)
| {
| return HMAC ();
|   ;
|   return 0;
| }
configure:6607: gcc -o conftest  -Wall -g -O2 -fvisibility=hidden -I../libdeflate-1.20 -L../libdeflate-1.20/build -fvisibility=hidden conftest.c -lcrypto  -ldeflate -llzma -lbz2 -lz -lm  >&5
configure:6607: $? = 0
configure:6629: result: -lcrypto
configure:6674: checking for library containing regcomp
configure:6710: gcc -o conftest  -Wall -g -O2 -fvisibility=hidden -I../libdeflate-1.20 -L../libdeflate-1.20/build -fvisibility=hidden conftest.c -ldeflate -llzma -lbz2 -lz -lm  >&5
configure:6710: $? = 0
configure:6732: result: none required
configure:6905: creating ./config.status

## ---------------------- ##
## Running config.status. ##
## ---------------------- ##

This file was extended by HTSlib config.status 1.20, which was
generated by GNU Autoconf 2.72.  Invocation command line was

  CONFIG_FILES    = 
  CONFIG_HEADERS  = 
  CONFIG_LINKS    = 
  CONFIG_COMMANDS = 
  $ ./config.status 

on p2.localdomain

config.status:865: creating config.mk
config.status:865: creating htslib.pc.tmp
config.status:865: creating config.h
config.status:1035: config.h is unchanged
config.status:1061: linking htscodecs_bundled.mk to htscodecs.mk

## ---------------- ##
## Cache variables. ##
## ---------------- ##

ac_cv_build=x86_64-pc-linux-gnu
ac_cv_c_compiler_gnu=yes
ac_cv_c_undeclared_builtin_options='none needed'
ac_cv_env_CC_set=
ac_cv_env_CC_value=
ac_cv_env_CFLAGS_set=
ac_cv_env_CFLAGS_value=
ac_cv_env_CPPFLAGS_set=set
ac_cv_env_CPPFLAGS_value=-I../libdeflate-1.20
ac_cv_env_LDFLAGS_set=set
ac_cv_env_LDFLAGS_value=-L../libdeflate-1.20/build
ac_cv_env_LIBS_set=
ac_cv_env_LIBS_value=
ac_cv_env_PKG_CONFIG_LIBDIR_set=
ac_cv_env_PKG_CONFIG_LIBDIR_value=
ac_cv_env_PKG_CONFIG_PATH_set=
ac_cv_env_PKG_CONFIG_PATH_value=
ac_cv_env_PKG_CONFIG_set=
ac_cv_env_PKG_CONFIG_value=
ac_cv_env_build_alias_set=
ac_cv_env_build_alias_value=
ac_cv_env_host_alias_set=
ac_cv_env_host_alias_value=
ac_cv_env_target_alias_set=
ac_cv_env_target_alias_value=
ac_cv_func_CCHmac=no
ac_cv_func_drand48=yes
ac_cv_func_fdatasync=yes
ac_cv_func_fsync=yes
ac_cv_func_getpagesize=yes
ac_cv_func_gmtime_r=yes
ac_cv_func_mmap_fixed_mapped=yes
ac_cv_func_srand48_deterministic=no
ac_cv_have_decl__XOPEN_SOURCE=no
ac_cv_have_decl_fdatasync_int_=yes
ac_cv_header_bzlib_h=yes
ac_cv_header_curl_curl_h=yes
ac_cv_header_inttypes_h=yes
ac_cv_header_libdeflate_h=yes
ac_cv_header_lzma_h=yes
ac_cv_header_stdint_h=yes
ac_cv_header_stdio_h=yes
ac_cv_header_stdlib_h=yes
ac_cv_header_string_h=yes
ac_cv_header_strings_h=yes
ac_cv_header_sys_param_h=yes
ac_cv_header_sys_stat_h=yes
ac_cv_header_sys_types_h=yes
ac_cv_header_unistd_h=yes
ac_cv_header_zlib_h=yes
ac_cv_host=x86_64-pc-linux-gnu
ac_cv_lib_bz2_BZ2_bzBuffToBuffCompress=yes
ac_cv_lib_curl_curl_easy_pause=yes
ac_cv_lib_deflate_libdeflate_deflate_compress=yes
ac_cv_lib_lzma_lzma_easy_buffer_encode=yes
ac_cv_lib_z_inflate=yes
ac_cv_objext=o
ac_cv_path_GREP=/usr/bin/grep
ac_cv_path_ac_pt_PKG_CONFIG=/usr/bin/pkg-config
ac_cv_prog_ac_ct_CC=gcc
ac_cv_prog_ac_ct_RANLIB=ranlib
ac_cv_prog_cc_c11=
ac_cv_prog_cc_g=yes
ac_cv_prog_cc_stdc=
ac_cv_search_HMAC=-lcrypto
ac_cv_search_log=-lm
ac_cv_search_recv='none required'
ac_cv_search_regcomp='none required'
ac_cv_sys_largefile_opts='none needed'
hts_cv_check__fvisibility_hidden=yes
hts_cv_check_cflags_needed_avx2___mavx2__mpopcnt='-mavx2 -mpopcnt'
hts_cv_check_cflags_needed_avx512f___mavx512f__mpopcnt='-mavx512f -mpopcnt'
hts_cv_check_cflags_needed_sse4_1___msse4_1__mssse3__mpopcnt='-msse4.1 -mssse3 -mpopcnt'
hts_cv_have_versioned_symbols=yes
hts_cv_prog_cc_warnings=-Wall

## ----------------- ##
## Output variables. ##
## ----------------- ##

CC='gcc'
CFLAGS=' -Wall -g -O2 -fvisibility=hidden'
CPPFLAGS='-I../libdeflate-1.20'
CRYPTO_LIBS='-lcrypto'
DEFS='-DHAVE_CONFIG_H'
ECHO_C=''
ECHO_N='-n'
ECHO_T=''
EXEEXT=''
GREP='/usr/bin/grep'
HTSDIRslash_if_relsrcdir='$(HTSDIR)/'
LDFLAGS='-L../libdeflate-1.20/build -fvisibility=hidden'
LIBOBJS=''
LIBS='-ldeflate -llzma -lbz2 -lz -lm '
LTLIBOBJS=''
OBJEXT='o'
PACKAGE_BUGREPORT='samtools-help@lists.sourceforge.net'
PACKAGE_NAME='HTSlib'
PACKAGE_STRING='HTSlib 1.20'
PACKAGE_TARNAME='htslib'
PACKAGE_URL='http://www.htslib.org/'
PACKAGE_VERSION='1.20'
PATH_SEPARATOR=':'
PKG_CONFIG='/usr/bin/pkg-config'
PKG_CONFIG_LIBDIR=''
PKG_CONFIG_PATH=''
PLATFORM='default'
PLUGIN_EXT='.so'
RANLIB='ranlib'
SHELL='/bin/sh'
VERSION_SCRIPT_LDFLAGS='-Wl,-version-script,$(srcprefix)htslib.map'
ac_ct_CC='gcc'
bindir='${exec_prefix}/bin'
build='x86_64-pc-linux-gnu'
build_alias=''
build_cpu='x86_64'
build_os='linux-gnu'
build_vendor='pc'
datadir='${datarootdir}'
datarootdir='${prefix}/share'
docdir='${datarootdir}/doc/${PACKAGE_TARNAME}'
dvidir='${docdir}'
enable_plugins='no'
exec_prefix='${prefix}'
gcs='enabled'
host='x86_64-pc-linux-gnu'
host_alias=''
host_cpu='x86_64'
host_os='linux-gnu'
host_vendor='pc'
htmldir='${docdir}'
hts_cflags_avx2='-mavx2 -mpopcnt'
hts_cflags_avx512='-mavx512f -mpopcnt'
hts_cflags_sse4='-msse4.1 -mssse3 -mpopcnt'
includedir='${prefix}/include'
infodir='${datarootdir}/info'
libcurl='enabled'
libdir='${exec_prefix}/lib'
libexecdir='${exec_prefix}/libexec'
localedir='${datarootdir}/locale'
localstatedir='${prefix}/var'
mandir='${datarootdir}/man'
oldincludedir='/usr/include'
pc_requires=' bzip2 liblzma'
pdfdir='${docdir}'
plugindir='$(libexecdir)/htslib'
pluginpath='$(libexecdir)/htslib'
prefix='/usr/local'
private_LIBS='-L../libdeflate-1.20/build -ldeflate'
program_transform_name='s,x,x,'
psdir='${docdir}'
runstatedir='${localstatedir}/run'
s3='enabled'
sbindir='${exec_prefix}/sbin'
sharedstatedir='${prefix}/com'
static_LDFLAGS='-L../libdeflate-1.20/build'
static_LIBS='-lpthread -lz -lm -lbz2 -llzma -ldeflate -lcurl -lcrypto'
sysconfdir='${prefix}/etc'
target_alias=''
with_external_htscodecs='no'

## ----------- ##
## confdefs.h. ##
## ----------- ##

/* confdefs.h */
#define PACKAGE_NAME "HTSlib"
#define PACKAGE_TARNAME "htslib"
#define PACKAGE_VERSION "1.20"
#define PACKAGE_STRING "HTSlib 1.20"
#define PACKAGE_BUGREPORT "samtools-help@lists.sourceforge.net"
#define PACKAGE_URL "http://www.htslib.org/"
#define HAVE_STDIO_H 1
#define HAVE_STDLIB_H 1
#define HAVE_STRING_H 1
#define HAVE_INTTYPES_H 1
#define HAVE_STDINT_H 1
#define HAVE_STRINGS_H 1
#define HAVE_SYS_STAT_H 1
#define HAVE_SYS_TYPES_H 1
#define HAVE_UNISTD_H 1
#define HAVE_SYS_PARAM_H 1
#define STDC_HEADERS 1
#define _XOPEN_SOURCE 600
#define HAVE_SSSE3 1
#define HAVE_POPCNT 1
#define HAVE_SSE4_1 1
#define UBSAN 1
#define HAVE_POPCNT 1
#define HAVE_AVX2 1
#define HAVE_POPCNT 1
#define HAVE_AVX512 1
#define HAVE_GETPAGESIZE 1
#define HAVE_MMAP 1
#define HAVE_GMTIME_R 1
#define HAVE_FSYNC 1
#define HAVE_DRAND48 1
#define HAVE_FDATASYNC 1
#define HAVE_LIBZ 1
#define HAVE_LIBBZ2 1
#define HAVE_LZMA_H 1
#define HAVE_LIBLZMA 1
#define HAVE_LIBDEFLATE 1
#define HAVE_LIBCURL 1
#define ENABLE_GCS 1
#define HAVE_HMAC 1
#define ENABLE_S3 1

configure: exit 0
